[2026-07-17 18:03:55] root: INFO: Starting Flye 2.9.6-b1802
[2026-07-17 18:03:55] root: DEBUG: Cmd: /scratch/bajicv/bin/mambaforge/envs/flye/bin/flye --nano-hq data/raw_data/kp_ont/AR-1049-MV.fastq.gz --out-dir analyses/flye/output/AR-1049-MV --threads 8
[2026-07-17 18:03:55] root: DEBUG: Python version: 3.13.14 | packaged by conda-forge | (main, Jun 12 2026, 09:50:25) [GCC 14.3.0]
[2026-07-17 18:03:55] root: INFO: >>>STAGE: configure
[2026-07-17 18:03:55] root: INFO: Configuring run
[2026-07-17 18:04:02] root: INFO: Total read length: 575262566
[2026-07-17 18:04:02] root: INFO: Reads N50/N90: 25641 / 5561
[2026-07-17 18:04:02] root: INFO: Minimum overlap set to 6000
[2026-07-17 18:04:02] root: INFO: >>>STAGE: assembly
[2026-07-17 18:04:02] root: INFO: Assembling disjointigs
[2026-07-17 18:04:02] root: DEBUG: -----Begin assembly log------
[2026-07-17 18:04:02] root: DEBUG: Running: flye-modules assemble --reads /home/bajicv/2026-bioinf-ToT-EPIC-Namibia/data/raw_data/kp_ont/AR-1049-MV.fastq.gz --out-asm /home/bajicv/2026-bioinf-ToT-EPIC-Namibia/analyses/flye/output/AR-1049-MV/00-assembly/draft_assembly.fasta --config /scratch/bajicv/bin/mambaforge/envs/flye/lib/python3.13/site-packages/flye/config/bin_cfg/asm_nano_hq.cfg --log /home/bajicv/2026-bioinf-ToT-EPIC-Namibia/analyses/flye/output/AR-1049-MV/flye.log --threads 8 --min-ovlp 6000
[2026-07-17 18:04:02] DEBUG: Build date: Apr 13 2026 04:19:19
[2026-07-17 18:04:02] DEBUG: Total RAM: 2015 Gb
[2026-07-17 18:04:02] DEBUG: Available RAM: 1994 Gb
[2026-07-17 18:04:02] DEBUG: Total CPUs: 256
[2026-07-17 18:04:02] DEBUG: Loading /scratch/bajicv/bin/mambaforge/envs/flye/lib/python3.13/site-packages/flye/config/bin_cfg/asm_nano_hq.cfg
[2026-07-17 18:04:02] DEBUG: Loading /scratch/bajicv/bin/mambaforge/envs/flye/lib/python3.13/site-packages/flye/config/bin_cfg/asm_defaults.cfg
[2026-07-17 18:04:02] DEBUG: 	big_genome_threshold=29000000
[2026-07-17 18:04:02] DEBUG: 	meta_read_filter_kmer_freq=100
[2026-07-17 18:04:02] DEBUG: 	chain_large_gap_penalty=2
[2026-07-17 18:04:02] DEBUG: 	chain_small_gap_penalty=0.5
[2026-07-17 18:04:02] DEBUG: 	chain_gap_jump_threshold=100
[2026-07-17 18:04:02] DEBUG: 	max_jump_gap=500
[2026-07-17 18:04:02] DEBUG: 	max_coverage_drop_rate=5
[2026-07-17 18:04:02] DEBUG: 	max_extensions_drop_rate=5
[2026-07-17 18:04:02] DEBUG: 	chimera_window=100
[2026-07-17 18:04:02] DEBUG: 	chimera_overhang=1000
[2026-07-17 18:04:02] DEBUG: 	min_reads_in_disjointig=4
[2026-07-17 18:04:02] DEBUG: 	max_inner_reads=10
[2026-07-17 18:04:02] DEBUG: 	max_inner_fraction=0.25
[2026-07-17 18:04:02] DEBUG: 	aggressive_dup_filter=1
[2026-07-17 18:04:02] DEBUG: 	max_separation=500
[2026-07-17 18:04:02] DEBUG: 	unique_edge_length=50000
[2026-07-17 18:04:02] DEBUG: 	min_repeat_res_support=0.51
[2026-07-17 18:04:02] DEBUG: 	out_paths_ratio=5
[2026-07-17 18:04:02] DEBUG: 	graph_cov_drop_rate=5
[2026-07-17 18:04:02] DEBUG: 	coverage_estimate_window=100
[2026-07-17 18:04:02] DEBUG: 	max_bubble_length=50000
[2026-07-17 18:04:02] DEBUG: 	loop_coverage_rate=1.5
[2026-07-17 18:04:02] DEBUG: 	repeat_edge_cov_mult=1.75
[2026-07-17 18:04:02] DEBUG: 	weak_detach_rate=5
[2026-07-17 18:04:02] DEBUG: 	tip_coverage_rate=2
[2026-07-17 18:04:02] DEBUG: 	tip_length_rate=2
[2026-07-17 18:04:02] DEBUG: 	output_gfa_before_rr=1
[2026-07-17 18:04:02] DEBUG: 	remove_alt_edges=0
[2026-07-17 18:04:02] DEBUG: 	low_cutoff_warning=0
[2026-07-17 18:04:02] DEBUG: 	kmer_size=17
[2026-07-17 18:04:02] DEBUG: 	use_minimizers=1
[2026-07-17 18:04:02] DEBUG: 	minimizer_window=10
[2026-07-17 18:04:02] DEBUG: 	reads_base_alignment=1
[2026-07-17 18:04:02] DEBUG: 	meta_read_top_kmer_rate=0.75
[2026-07-17 18:04:02] DEBUG: 	maximum_jump=1500
[2026-07-17 18:04:02] DEBUG: 	maximum_overhang=1500
[2026-07-17 18:04:02] DEBUG: 	repeat_kmer_rate=100
[2026-07-17 18:04:02] DEBUG: 	assemble_ovlp_divergence=0.03
[2026-07-17 18:04:02] DEBUG: 	assemble_divergence_relative=1
[2026-07-17 18:04:02] DEBUG: 	repeat_graph_ovlp_divergence=0.03
[2026-07-17 18:04:02] DEBUG: 	read_align_ovlp_divergence=0.10
[2026-07-17 18:04:02] DEBUG: 	hpc_scoring_on=1
[2026-07-17 18:04:02] DEBUG: 	add_unassembled_reads=0
[2026-07-17 18:04:02] DEBUG: 	extend_contigs_with_repeats=0
[2026-07-17 18:04:02] DEBUG: 	min_read_cov_cutoff=3
[2026-07-17 18:04:02] DEBUG: 	short_tip_length=20000
[2026-07-17 18:04:02] DEBUG: 	long_tip_length=100000
[2026-07-17 18:04:02] DEBUG: Running with k-mer size: 17
[2026-07-17 18:04:02] DEBUG: Running with minimum overlap 6000
[2026-07-17 18:04:02] DEBUG: Metagenome mode: N
[2026-07-17 18:04:02] DEBUG: Short mode: N
[2026-07-17 18:04:02] INFO: Reading sequences
[2026-07-17 18:04:07] DEBUG: Building positional index
[2026-07-17 18:04:07] DEBUG: Total sequence: 512801821 bp
[2026-07-17 18:04:07] INFO: Building minimizer index
[2026-07-17 18:04:07] INFO: Pre-calculating index storage
[2026-07-17 18:04:11] DEBUG: Mean k-mer frequency: 11.7855
[2026-07-17 18:04:11] DEBUG: Repetitive k-mer frequency: 1178
[2026-07-17 18:04:11] DEBUG: Filtered 300531 repetitive k-mers (0.00322618)
[2026-07-17 18:04:11] INFO: Filling index
[2026-07-17 18:04:15] DEBUG: Sorting k-mer index
[2026-07-17 18:04:16] DEBUG: Selected k-mers: 7903939
[2026-07-17 18:04:16] DEBUG: K-mer index size: 92853364
[2026-07-17 18:04:16] DEBUG: Mean k-mer frequency: 11.7477
[2026-07-17 18:04:16] DEBUG: Minimizer rate: 5.52271
[2026-07-17 18:04:16] DEBUG: Peak RAM usage: 0 Gb
[2026-07-17 18:04:16] DEBUG: Estimating k-mer identity bias
[2026-07-17 18:04:33] DEBUG: Initial divergence estimate : 0.0104039
[2026-07-17 18:04:33] DEBUG: Relative threshold: Y
[2026-07-17 18:04:33] DEBUG: Max divergence threshold set to 0.0404039
[2026-07-17 18:04:33] INFO: Extending reads
[2026-07-17 18:04:33] DEBUG: Estimating overlap coverage
[2026-07-17 18:06:45] INFO: Overlap-based coverage: 74
[2026-07-17 18:06:45] INFO: Median overlap divergence: 0.0109054
[2026-07-17 18:06:45] DEBUG: Sequence divergence distribution: 

    | *      |                                                                                           
    | *      |                                                                                           
    | *      |                                                                                           
    | *      |                                                                                           
    | *      |                                                                                           
    | *      |                                                                                           
    | *      |                                                                                           
    | **     |                                                                                           
    | **     |                                                                                           
    | **     |                                                                                           
    | **     |                                                                                           
    | **     |                                                                                           
    | **     |                                                                                           
    | **     |                                                                                           
    |****    |                                                                                           
    |****    |                                                                                           
    |*****   |                                                                                           
    |******  |                                                                                           
    |********|                                                                                           
    |****************************     ** *  ***   *  *                                                   
    ----------------------------------------------------------------------------------------------------
    0%        5%        10%       15%       20%       25%       30%       35%       40%       45%       

    Q25 = 0.007, Q50 = 0.011, Q75 = 0.02

[2026-07-17 18:06:48] DEBUG: Assembled disjointig 1
	With 8 reads
	Start read: +SRR36316118.55726
	At position: 4
	leftTip: 1 rightTip: 1
	Suspicious: 3
	Short ext: 0
	Mean extensions: 16
	Avg overlap len: 16034
	Min overlap len: 8890
	Inner reads: 0
	Length: 44493
[2026-07-17 18:06:48] DEBUG: Inner: 276 covered: 294 total: 47264
[2026-07-17 18:06:51] DEBUG: Assembled disjointig 2
	With 10 reads
	Start read: +SRR36316118.10250
	At position: 6
	leftTip: 1 rightTip: 0
	Suspicious: 0
	Short ext: 0
	Mean extensions: 59
	Avg overlap len: 41009
	Min overlap len: 32219
	Inner reads: 0
	Length: 141024
[2026-07-17 18:06:51] DEBUG: Inner: 1388 covered: 1444 total: 47264
[2026-07-17 18:07:02] DEBUG: Assembled disjointig 3
	With 26 reads
	Start read: +SRR36316118.7816
	At position: 24
	leftTip: 0 rightTip: 0
	Suspicious: 0
	Short ext: 0
	Mean extensions: 141
	Avg overlap len: 46604
	Min overlap len: 10646
	Inner reads: 0
	Length: 329837
[2026-07-17 18:07:02] DEBUG: Inner: 3456 covered: 3610 total: 47264
[2026-07-17 18:07:38] DEBUG: Assembled disjointig 4
	With 385 reads
	Start read: +SRR36316118.38213
	At position: 382
	leftTip: 0 rightTip: 0
	Suspicious: 0
	Short ext: 0
	Mean extensions: 65
	Avg overlap len: 51822
	Min overlap len: 7080
	Inner reads: 0
	Length: 5397244
[2026-07-17 18:07:38] DEBUG: Inner: 39702 covered: 41216 total: 47264
[2026-07-17 18:07:38] DEBUG: Discarded disjointig with 356 reads and 354 inner overlaps
[2026-07-17 18:07:38] DEBUG: Discarded disjointig with 222 reads and 220 inner overlaps
[2026-07-17 18:07:38] DEBUG: Discarded disjointig with 344 reads and 342 inner overlaps
[2026-07-17 18:07:38] DEBUG: Discarded disjointig with 177 reads and 175 inner overlaps
[2026-07-17 18:07:38] DEBUG: Discarded disjointig with 380 reads and 378 inner overlaps
[2026-07-17 18:07:38] DEBUG: Discarded disjointig with 271 reads and 269 inner overlaps
[2026-07-17 18:07:38] DEBUG: Discarded disjointig with 284 reads and 282 inner overlaps
[2026-07-17 18:07:40] DEBUG: Assembled disjointig 5
	With 9 reads
	Start read: +SRR36316118.27916
	At position: 5
	leftTip: 0 rightTip: 0
	Suspicious: 0
	Short ext: 0
	Mean extensions: 30
	Avg overlap len: 34235
	Min overlap len: 17667
	Inner reads: 0
	Length: 119169
[2026-07-17 18:07:40] DEBUG: Inner: 39946 covered: 41498 total: 47264
[2026-07-17 18:07:44] DEBUG: Assembled disjointig 6
	With 27 reads
	Start read: +SRR36316118.29134
	At position: 21
	leftTip: 0 rightTip: 0
	Suspicious: 0
	Short ext: 0
	Mean extensions: 107
	Avg overlap len: 51194
	Min overlap len: 6004
	Inner reads: 0
	Length: 315555
[2026-07-17 18:07:44] DEBUG: Inner: 42326 covered: 43944 total: 47264
[2026-07-17 18:07:44] DEBUG: Discarded disjointig with 17 reads and 15 inner overlaps
[2026-07-17 18:07:44] DEBUG: Discarded disjointig with 24 reads and 22 inner overlaps
[2026-07-17 18:07:45] DEBUG: Discarded disjointig with 26 reads and 24 inner overlaps
[2026-07-17 18:07:45] DEBUG: Discarded disjointig with 22 reads and 20 inner overlaps
[2026-07-17 18:07:45] DEBUG: Discarded disjointig with 22 reads and 20 inner overlaps
[2026-07-17 18:07:45] DEBUG: Discarded disjointig with 22 reads and 20 inner overlaps
[2026-07-17 18:07:45] DEBUG: Discarded disjointig with 21 reads and 19 inner overlaps
[2026-07-17 18:07:52] DEBUG: Assembled disjointig 7
	With 6 reads
	Start read: +SRR36316118.55150
	At position: 4
	leftTip: 0 rightTip: 0
	Suspicious: 0
	Short ext: 0
	Mean extensions: 257
	Avg overlap len: 28240
	Min overlap len: 8078
	Inner reads: 0
	Length: 122908
[2026-07-17 18:07:52] DEBUG: Inner: 42786 covered: 44596 total: 47264
[2026-07-17 18:07:52] DEBUG: Discarded disjointig with 7 reads and 5 inner overlaps
[2026-07-17 18:07:52] DEBUG: Discarded disjointig with 3 reads and 1 inner overlaps
[2026-07-17 18:07:53] DEBUG: Discarded disjointig with 6 reads and 4 inner overlaps
[2026-07-17 18:07:53] DEBUG: Discarded disjointig with 6 reads and 4 inner overlaps
[2026-07-17 18:08:25] INFO: Assembled 7 disjointigs
[2026-07-17 18:08:25] INFO: Generating sequence
[2026-07-17 18:08:25] DEBUG: Building positional index
[2026-07-17 18:08:25] DEBUG: Total sequence: 6470426 bp
[2026-07-17 18:08:26] DEBUG: Mean k-mer frequency: 1.13409
[2026-07-17 18:08:26] DEBUG: Repetitive k-mer frequency: 113
[2026-07-17 18:08:26] DEBUG: Filtered 0 repetitive k-mers (0)
[2026-07-17 18:08:26] DEBUG: Sorting k-mer index
[2026-07-17 18:08:26] DEBUG: Selected k-mers: 1037472
[2026-07-17 18:08:26] DEBUG: K-mer index size: 1176583
[2026-07-17 18:08:26] DEBUG: Mean k-mer frequency: 1.13409
[2026-07-17 18:08:26] DEBUG: Minimizer rate: 5.49934
[2026-07-17 18:08:26] INFO: Filtering contained disjointigs
[2026-07-17 18:08:27] DEBUG: Computing transitive closure for overlaps
[2026-07-17 18:08:27] DEBUG: Found 16 overlaps
[2026-07-17 18:08:27] DEBUG: Left 16 overlaps after filtering
[2026-07-17 18:08:27] INFO: Contained seqs: 0
[2026-07-17 18:08:27] DEBUG: Writing FASTA
[2026-07-17 18:08:27] DEBUG: Peak RAM usage: 1 Gb
-----------End assembly log------------
[2026-07-17 18:08:27] root: DEBUG: Disjointigs length: 6470426, N50: 5397278
[2026-07-17 18:08:27] root: INFO: >>>STAGE: consensus
[2026-07-17 18:08:27] root: INFO: Running Minimap2
